Arguments: 
  /Users/alexsilva/.nvm/versions/node/v12.22.0/bin/node /Users/alexsilva/.nvm/versions/node/v12.22.0/bin/yarn init

PATH: 
  /Users/alexsilva/.fastlane/bin:/Users/alexsilva/.nvm/versions/node/v12.22.0/bin:/usr/local/bin:/usr/bin:/bin:/usr/sbin:/sbin:/Library/Apple/usr/bin:/Users/alexsilva/.fastlane/bin:/Users/alexsilva/.nvm/versions/node/v12.22.0/bin:/Users/alexsilva/.zinit/polaris/bin:/Applications/Visual Studio Code.app/Contents/Resources/app/bin:/Users/alexsilva/Library/Android/sdk/tools:/Users/alexsilva/Library/Android/sdk/platform-tools:/Users/alexsilva/Library/Android/sdk/platform-tools/:/Applications/Visual Studio Code.app/Contents/Resources/app/bin:/Users/alexsilva/Library/Android/sdk/tools:/Users/alexsilva/Library/Android/sdk/platform-tools:/Users/alexsilva/Library/Android/sdk/platform-tools/

Yarn version: 
  1.22.10

Node version: 
  12.22.0

Platform: 
  darwin x64

Trace: 
  Error: canceled
      at Interface.<anonymous> (/Users/alexsilva/.nvm/versions/node/v12.22.0/lib/node_modules/yarn/lib/cli.js:136216:13)
      at Interface.emit (events.js:314:20)
      at Interface._ttyWrite (readline.js:868:16)
      at ReadStream.onkeypress (readline.js:205:10)
      at ReadStream.emit (events.js:314:20)
      at emitKeys (internal/readline/utils.js:335:14)
      at emitKeys.next (<anonymous>)
      at ReadStream.onData (readline.js:1137:36)
      at ReadStream.emit (events.js:314:20)
      at addChunk (_stream_readable.js:297:12)

npm manifest: 
  No manifest

yarn manifest: 
  No manifest

Lockfile: 
  No lockfile
